<?xml version="1.0" encoding="UTF-8"?>
<testsuite xmlns:xsi="http://www.w3.org/2001/XMLSchema-instance" xsi:noNamespaceSchemaLocation="https://maven.apache.org/surefire/maven-surefire-plugin/xsd/surefire-test-report.xsd" name="com.bartend.app.AppTest" time="0.224" tests="1" errors="0" skipped="0" failures="0">
  <properties>
    <property name="awt.toolkit" value="sun.awt.X11.XToolkit"/>
    <property name="file.encoding.pkg" value="sun.io"/>
    <property name="java.specification.version" value="1.8"/>
    <property name="sun.cpu.isalist" value=""/>
    <property name="sun.jnu.encoding" value="UTF-8"/>
    <property name="java.class.path" value="/home/pi/Desktop/RasberryBartend/my-bartend/target/test-classes:/home/pi/Desktop/RasberryBartend/my-bartend/target/classes:/home/pi/.m2/repository/junit/junit/4.11/junit-4.11.jar:/home/pi/.m2/repository/org/hamcrest/hamcrest-core/1.3/hamcrest-core-1.3.jar:"/>
    <property name="java.vm.vendor" value="Oracle Corporation"/>
    <property name="sun.arch.data.model" value="32"/>
    <property name="java.vendor.url" value="http://java.oracle.com/"/>
    <property name="user.timezone" value=""/>
    <property name="java.vm.specification.version" value="1.8"/>
    <property name="os.name" value="Linux"/>
    <property name="user.country" value="US"/>
    <property name="sun.java.launcher" value="SUN_STANDARD"/>
    <property name="sun.boot.library.path" value="/usr/java/jdk1.8.0_231/jre/lib/arm"/>
    <property name="sun.java.command" value="/home/pi/Desktop/RasberryBartend/my-bartend/target/surefire/surefirebooter8210773421465958090.jar /home/pi/Desktop/RasberryBartend/my-bartend/target/surefire 2020-01-12T15-17-48_369-jvmRun1 surefire1639680409266785769tmp surefire_05573725815631070328tmp"/>
    <property name="surefire.test.class.path" value="/home/pi/Desktop/RasberryBartend/my-bartend/target/test-classes:/home/pi/Desktop/RasberryBartend/my-bartend/target/classes:/home/pi/.m2/repository/junit/junit/4.11/junit-4.11.jar:/home/pi/.m2/repository/org/hamcrest/hamcrest-core/1.3/hamcrest-core-1.3.jar:"/>
    <property name="sun.cpu.endian" value="little"/>
    <property name="user.home" value="/home/pi"/>
    <property name="user.language" value="en"/>
    <property name="java.specification.vendor" value="Oracle Corporation"/>
    <property name="java.home" value="/usr/java/jdk1.8.0_231/jre"/>
    <property name="basedir" value="/home/pi/Desktop/RasberryBartend/my-bartend"/>
    <property name="file.separator" value="/"/>
    <property name="line.separator" value="&#10;"/>
    <property name="java.vm.specification.vendor" value="Oracle Corporation"/>
    <property name="java.specification.name" value="Java Platform API Specification"/>
    <property name="java.awt.graphicsenv" value="sun.awt.X11GraphicsEnvironment"/>
    <property name="surefire.real.class.path" value="/home/pi/Desktop/RasberryBartend/my-bartend/target/surefire/surefirebooter8210773421465958090.jar"/>
    <property name="sun.boot.class.path" value="/usr/java/jdk1.8.0_231/jre/lib/resources.jar:/usr/java/jdk1.8.0_231/jre/lib/rt.jar:/usr/java/jdk1.8.0_231/jre/lib/sunrsasign.jar:/usr/java/jdk1.8.0_231/jre/lib/jsse.jar:/usr/java/jdk1.8.0_231/jre/lib/jce.jar:/usr/java/jdk1.8.0_231/jre/lib/charsets.jar:/usr/java/jdk1.8.0_231/jre/lib/jfr.jar:/usr/java/jdk1.8.0_231/jre/classes"/>
    <property name="sun.management.compiler" value="HotSpot Client Compiler"/>
    <property name="java.runtime.version" value="1.8.0_231-b11"/>
    <property name="user.name" value="pi"/>
    <property name="path.separator" value=":"/>
    <property name="os.version" value="4.19.75-v7+"/>
    <property name="java.endorsed.dirs" value="/usr/java/jdk1.8.0_231/jre/lib/endorsed"/>
    <property name="java.runtime.name" value="Java(TM) SE Runtime Environment"/>
    <property name="file.encoding" value="UTF-8"/>
    <property name="java.vm.name" value="Java HotSpot(TM) Client VM"/>
    <property name="localRepository" value="/home/pi/.m2/repository"/>
    <property name="java.vendor.url.bug" value="http://bugreport.sun.com/bugreport/"/>
    <property name="java.io.tmpdir" value="/tmp"/>
    <property name="java.version" value="1.8.0_231"/>
    <property name="user.dir" value="/home/pi/Desktop/RasberryBartend/my-bartend"/>
    <property name="os.arch" value="arm"/>
    <property name="java.vm.specification.name" value="Java Virtual Machine Specification"/>
    <property name="java.awt.printerjob" value="sun.print.PSPrinterJob"/>
    <property name="sun.os.patch.level" value="unknown"/>
    <property name="java.library.path" value="/usr/java/packages/lib/arm:/lib:/usr/lib"/>
    <property name="java.vm.info" value="mixed mode"/>
    <property name="java.vendor" value="Oracle Corporation"/>
    <property name="java.vm.version" value="25.231-b11"/>
    <property name="sun.arch.abi" value="gnueabihf"/>
    <property name="java.ext.dirs" value="/usr/java/jdk1.8.0_231/jre/lib/ext:/usr/java/packages/lib/ext"/>
    <property name="sun.io.unicode.encoding" value="UnicodeLittle"/>
    <property name="java.class.version" value="52.0"/>
  </properties>
  <testcase name="shouldAnswerWithTrue" classname="com.bartend.app.AppTest" time="0.011"/>
</testsuite>